-------------------------------------------------------------------------------
Test set: TestSuite
-------------------------------------------------------------------------------
Tests run: 3, Failures: 1, Errors: 0, Skipped: 0, Time elapsed: 14.432 s <<< FAILURE! - in TestSuite
f(SeleniumTest.TestLogin2)  Time elapsed: 0.499 s  <<< FAILURE!
org.junit.ComparisonFailure: expected:<[Bienvenido]> but was:<[WebLogin]>
	at SeleniumTest.TestLogin2.f(TestLogin2.java:42)

